<?xml version="1.0" encoding="UTF-8"?>
<!-- Generated by org.testng.reporters.JUnitReportReporter -->
<testsuite skipped="0" hostname="LAPTOP-UM7TTE4S" name="com.Tests.MyAccountInfoTest" tests="1" failures="0" timestamp="18 Apr 2024 08:41:11 GMT" time="4.160" errors="0">
  <testcase name="test01" time="4.160" classname="com.Tests.MyAccountInfoTest"/>
</testsuite> <!-- com.Tests.MyAccountInfoTest -->
