<?xml version="1.0" encoding="UTF-8"?>
<!-- Generated by org.testng.reporters.JUnitReportReporter -->
<testsuite skipped="0" hostname="LAPTOP-UM7TTE4S" name="com.Tests.AddToCartTest" tests="1" failures="0" timestamp="18 Apr 2024 11:41:46 GMT" time="16.314" errors="0">
  <testcase name="test01" time="16.314" classname="com.Tests.AddToCartTest"/>
</testsuite> <!-- com.Tests.AddToCartTest -->
