<?xml version="1.0" encoding="UTF-8"?>
<!-- Generated by org.testng.reporters.JUnitReportReporter -->
<testsuite skipped="0" hostname="LAPTOP-UM7TTE4S" name="com.Tests.SearchTest" tests="1" failures="0" timestamp="20 Apr 2024 07:02:12 GMT" time="8.000" errors="0">
  <testcase name="test01" time="8.000" classname="com.Tests.SearchTest"/>
</testsuite> <!-- com.Tests.SearchTest -->
